{"C:\\Users\\ajs-4-2\\src\\js\\app.js": {"path":"C:\\Users\\ajs-4-2\\src\\js\\app.js","statementMap":{"0":{"start":{"line":2,"column":4},"end":{"line":2,"column":59}},"1":{"start":{"line":2,"column":32},"end":{"line":2,"column":57}},"2":{"start":{"line":3,"column":4},"end":{"line":3,"column":18}}},"fnMap":{"0":{"name":"sortByHealt","decl":{"start":{"line":1,"column":24},"end":{"line":1,"column":35}},"loc":{"start":{"line":1,"column":44},"end":{"line":4,"column":3}},"line":1},"1":{"name":"(anonymous_1)","decl":{"start":{"line":2,"column":16},"end":{"line":2,"column":17}},"loc":{"start":{"line":2,"column":32},"end":{"line":2,"column":57}},"line":2}},"branchMap":{},"s":{"0":1,"1":4,"2":1},"f":{"0":1,"1":4},"b":{},"_coverageSchema":"1a1c01bbd47fc00a2c39e90264f33305004495a9","hash":"f069490aea70265990c578216d95d3ac2657edce"}
}
